Arguments: 
  /Users/oshin/.nvm/versions/node/v14.20.1/bin/node /Users/oshin/.nvm/versions/node/v14.20.1/bin/yarn add expo

PATH: 
  /Users/oshin/Library/Android/sdk/platform-tools:~/.nvm/versions/node/v14.21.1/bin:/Users/oshin/.nvm/versions/node/v14.20.1/bin:/Users/oshin/.gem/ruby/2.6.0/bin:/ruby/2.6.0/bin:/usr/local/bin:/usr/bin:/bin:/usr/sbin:/sbin:/Library/Apple/usr/bin

Yarn version: 
  1.22.19

Node version: 
  14.20.1

Platform: 
  darwin x64

Trace: 
  Error: getaddrinfo ENOTFOUND registry.yarnpkg.com
      at GetAddrInfoReqWrap.onlookup [as oncomplete] (dns.js:71:26)

npm manifest: 
  {
    "scripts": {
      "start": "expo start --dev-client",
      "android": "expo run:android",
      "ios": "expo run:ios",
      "web": "expo start --web",
      "eject": "expo eject"
    },
    "dependencies": {
      "@expo/vector-icons": "^13.0.0",
      "@react-native-community/datetimepicker": "6.2.0",
      "@react-native-community/masked-view": "0.1.10",
      "@react-navigation/native": "^5.8.10",
      "@react-navigation/stack": "^5.12.8",
      "expo": "~46.0.19",
      "expo-status-bar": "~1.4.0",
      "moment": "*",
      "react": "18.0.0",
      "react-native": "0.69.6",
      "react-native-datepicker": "*",
      "react-native-gesture-handler": "~2.5.0",
      "react-native-modal-datetime-picker": "*",
      "react-native-paper": "^4.4.1",
      "react-native-reanimated": "~2.9.1",
      "react-native-safe-area-context": "4.3.1",
      "react-native-screens": "~3.15.0",
      "react-native-status-bar-height": "^2.6.0",
      "expo-splash-screen": "~0.16.2",
      "react-dom": "18.0.0",
      "react-native-web": "~0.18.7"
    },
    "devDependencies": {
      "@babel/core": "^7.12.9"
    },
    "private": true,
    "name": "myreactapp",
    "version": "1.0.0"
  }

yarn manifest: 
  No manifest

Lockfile: 
  No lockfile
